2016-12-12 11:25:10,657 Initialized in: /usr/local/bin
2016-12-12 11:25:10,692 Starting new HTTPS connection (1): slack.com
2016-12-12 11:25:11,127 https://slack.com:443 "POST /api/rtm.start HTTP/1.1" 200 55
2016-12-12 11:25:11,130 Loading plugins
2016-12-12 11:25:11,131 Importing plugins.wordhopConnector.WordhopPlugin
2016-12-12 11:25:11,136 Plugin registered: <plugins.wordhopConnector.WordhopPlugin object at 0x102ac3c50>
2016-12-12 11:25:11,136 Registering jobs for WordhopPlugin
2016-12-12 11:26:56,282 Initialized in: /usr/local/bin
2016-12-12 11:26:56,484 Starting new HTTPS connection (1): slack.com
2016-12-12 11:26:57,158 https://slack.com:443 "POST /api/rtm.start HTTP/1.1" 200 55
2016-12-12 11:26:57,161 Loading plugins
2016-12-12 11:26:57,161 Importing plugins.wordhopConnector.WordhopPlugin
2016-12-12 11:26:57,165 Plugin registered: <plugins.wordhopConnector.WordhopPlugin object at 0x109cb5c50>
2016-12-12 11:26:57,165 Registering jobs for WordhopPlugin
2016-12-12 11:29:18,160 Initialized in: /usr/local/bin
2016-12-12 11:29:18,206 Starting new HTTPS connection (1): slack.com
2016-12-12 11:29:18,569 https://slack.com:443 "POST /api/rtm.start HTTP/1.1" 200 55
2016-12-12 11:29:18,573 Loading plugins
2016-12-12 11:29:18,573 Importing plugins.wordhopConnector.WordhopPlugin
2016-12-12 11:31:32,306 Initialized in: /usr/local/bin
2016-12-12 11:31:32,316 Starting new HTTPS connection (1): slack.com
2016-12-12 11:31:32,651 https://slack.com:443 "POST /api/rtm.start HTTP/1.1" 200 55
2016-12-12 11:31:32,655 Loading plugins
2016-12-12 11:31:32,655 Importing plugins.wordhopConnector.WordhopPlugin
2016-12-12 11:31:40,480 Initialized in: /usr/local/bin
2016-12-12 11:31:40,489 Starting new HTTPS connection (1): slack.com
2016-12-12 11:31:40,687 https://slack.com:443 "POST /api/rtm.start HTTP/1.1" 200 55
2016-12-12 11:31:40,691 Loading plugins
2016-12-12 11:31:40,691 Importing plugins.wordhopConnector.WordhopPlugin
2016-12-12 11:33:43,492 Initialized in: /usr/local/bin
2016-12-12 11:33:43,560 Starting new HTTPS connection (1): slack.com
2016-12-12 11:33:43,947 https://slack.com:443 "POST /api/rtm.start HTTP/1.1" 200 55
2016-12-12 11:33:43,950 Loading plugins
2016-12-12 11:33:43,950 Importing plugins.wordhopConnector.WordhopPlugin
2016-12-12 11:33:43,959 Plugin registered: <plugins.wordhopConnector.WordhopPlugin object at 0x102377c50>
2016-12-12 11:33:43,960 Registering jobs for WordhopPlugin
2016-12-12 11:34:25,140 Initialized in: /usr/local/bin
2016-12-12 11:34:25,181 Starting new HTTPS connection (1): slack.com
2016-12-12 11:34:25,466 https://slack.com:443 "POST /api/rtm.start HTTP/1.1" 200 55
2016-12-12 11:34:25,469 Loading plugins
2016-12-12 11:34:25,469 Importing plugins.wordhopConnector.WordhopPlugin
2016-12-12 11:34:25,476 Plugin registered: <plugins.wordhopConnector.WordhopPlugin object at 0x104148c50>
2016-12-12 11:34:25,477 Registering jobs for WordhopPlugin
2016-12-12 11:34:56,960 Initialized in: /usr/local/bin
2016-12-12 11:34:57,215 Starting new HTTPS connection (1): slack.com
2016-12-12 11:34:58,488 https://slack.com:443 "POST /api/rtm.start HTTP/1.1" 200 15892
2016-12-12 11:34:59,101 Loading plugins
2016-12-12 11:34:59,102 Importing plugins.wordhopConnector.WordhopPlugin
2016-12-12 11:34:59,106 Plugin registered: <plugins.wordhopConnector.WordhopPlugin object at 0x10813a950>
2016-12-12 11:34:59,106 Registering jobs for WordhopPlugin
2016-12-12 11:34:59,107 got process_hello
2016-12-12 11:34:59,212 Starting new HTTPS connection (1): wordhop-socket-server.herokuapp.com
2016-12-12 11:34:59,213 Starting new HTTPS connection (1): wordhop-socket-server.herokuapp.com
2016-12-12 11:34:59,213 got process_reconnect_url
2016-12-12 11:34:59,314 got process_pong
2016-12-12 11:34:59,522 https://wordhop-socket-server.herokuapp.com:443 "GET /socket.io/?EIO=3&transport=polling&t=1481560499107-0 HTTP/1.1" 200 101
2016-12-12 11:34:59,536 https://wordhop-socket-server.herokuapp.com:443 "GET /socket.io/?EIO=3&transport=polling&t=1481560499107-0 HTTP/1.1" 200 101
2016-12-12 11:34:59,729 got process_presence_change
2016-12-12 11:34:59,853 wordhop-socket-server.herokuapp.com:443/socket.io [engine.io transport selected] websocket
2016-12-12 11:34:59,853 wordhop-socket-server.herokuapp.com:443/socket.io [engine.io transport selected] websocket
2016-12-12 11:34:59,853 wordhop-socket-server.herokuapp.com:443/socket.io [engine.io heartbeat reset]
2016-12-12 11:34:59,854 wordhop-socket-server.herokuapp.com:443/socket.io [engine.io heartbeat reset]
2016-12-12 11:34:59,926 wordhop-socket-server.herokuapp.com:443/socket.io [socket.io packet received] 0
2016-12-12 11:34:59,926 wordhop-socket-server.herokuapp.com:443/socket.io [socket.io packet received] 0
2016-12-12 11:34:59,926 wordhop-socket-server.herokuapp.com:443/socket.io [socket.io connected]
2016-12-12 11:34:59,927 wordhop-socket-server.herokuapp.com:443/socket.io [socket.io connected]
2016-12-12 11:34:59,927 wordhop-socket-server.herokuapp.com:443/socket.io [socket.io packet received] 2["message","51bOx9Hbl-hyeV90AAAK"]
2016-12-12 11:34:59,927 wordhop-socket-server.herokuapp.com:443/socket.io [socket.io packet received] 2["socket_id_set","51bOx9Hbl-hyeV90AAAK"]
2016-12-12 11:34:59,927 wordhop-socket-server.herokuapp.com:443/socket.io [socket.io packet received] 2["message","UOBYq_VXQ88IeR3IAAAL"]
2016-12-12 11:34:59,928 wordhop-socket-server.herokuapp.com:443/socket.io [socket.io packet received] 2["socket_id_set","UOBYq_VXQ88IeR3IAAAL"]
2016-12-12 11:35:00,039 Starting new HTTPS connection (1): wordhopapi.herokuapp.com
2016-12-12 11:35:00,039 Starting new HTTPS connection (1): wordhopapi.herokuapp.com
2016-12-12 11:35:00,381 https://wordhopapi.herokuapp.com:443 "POST /api/v1/update_bot_socket_id HTTP/1.1" 200 275
2016-12-12 11:35:00,381 https://wordhopapi.herokuapp.com:443 "POST /api/v1/update_bot_socket_id HTTP/1.1" 200 275
2016-12-12 11:35:02,709 got process_presence_change
2016-12-12 11:35:03,122 got process_pong
2016-12-12 11:35:07,252 got process_pong
2016-12-12 11:35:09,528 got process_reconnect_url
2016-12-12 11:35:11,176 got process_pong
2016-12-12 11:35:15,192 got process_pong
2016-12-12 11:35:19,117 got process_pong
2016-12-12 11:35:23,128 got process_pong
2016-12-12 11:35:27,244 got process_pong
2016-12-12 11:35:31,168 got process_pong
2016-12-12 11:35:35,184 got process_pong
2016-12-12 11:35:39,190 got process_pong
2016-12-12 11:35:43,106 got process_pong
2016-12-12 11:35:47,311 got process_pong
2016-12-12 11:35:51,119 got process_pong
2016-12-12 11:35:55,120 got process_pong
2016-12-12 11:35:58,022 Initialized in: /usr/local/bin
2016-12-12 11:35:58,039 Starting new HTTPS connection (1): slack.com
2016-12-12 11:35:58,963 https://slack.com:443 "POST /api/rtm.start HTTP/1.1" 200 15896
2016-12-12 11:35:59,319 Loading plugins
2016-12-12 11:35:59,319 Importing plugins.wordhopConnector.WordhopPlugin
2016-12-12 11:35:59,326 Plugin registered: <plugins.wordhopConnector.WordhopPlugin object at 0x10b0e2950>
2016-12-12 11:35:59,326 Registering jobs for WordhopPlugin
2016-12-12 11:35:59,357 Starting new HTTPS connection (1): wordhop-socket-server.herokuapp.com
2016-12-12 11:35:59,375 Starting new HTTPS connection (1): wordhop-socket-server.herokuapp.com
2016-12-12 11:35:59,431 got process_hello
2016-12-12 11:35:59,532 got process_presence_change
2016-12-12 11:35:59,634 got process_reconnect_url
2016-12-12 11:35:59,734 got process_pong
2016-12-12 11:35:59,791 https://wordhop-socket-server.herokuapp.com:443 "GET /socket.io/?EIO=3&transport=polling&t=1481560559326-0 HTTP/1.1" 200 101
2016-12-12 11:35:59,791 https://wordhop-socket-server.herokuapp.com:443 "GET /socket.io/?EIO=3&transport=polling&t=1481560559327-0 HTTP/1.1" 200 101
2016-12-12 11:35:59,938 got process_presence_change
2016-12-12 11:36:00,124 wordhop-socket-server.herokuapp.com:443/socket.io [engine.io transport selected] websocket
2016-12-12 11:36:00,125 wordhop-socket-server.herokuapp.com:443/socket.io [engine.io heartbeat reset]
2016-12-12 11:36:00,186 wordhop-socket-server.herokuapp.com:443/socket.io [socket.io packet received] 0
2016-12-12 11:36:00,186 wordhop-socket-server.herokuapp.com:443/socket.io [socket.io connected]
2016-12-12 11:36:00,186 wordhop-socket-server.herokuapp.com:443/socket.io [socket.io packet received] 2["message","pZv88RoEp9AubF7hAAAM"]
2016-12-12 11:36:00,186 wordhop-socket-server.herokuapp.com:443/socket.io [engine.io transport selected] websocket
2016-12-12 11:36:00,186 wordhop-socket-server.herokuapp.com:443/socket.io [socket.io packet received] 2["socket_id_set","pZv88RoEp9AubF7hAAAM"]
2016-12-12 11:36:00,187 wordhop-socket-server.herokuapp.com:443/socket.io [engine.io heartbeat reset]
2016-12-12 11:36:00,189 Starting new HTTPS connection (1): wordhopapi.herokuapp.com
2016-12-12 11:36:00,255 wordhop-socket-server.herokuapp.com:443/socket.io [socket.io packet received] 0
2016-12-12 11:36:00,256 wordhop-socket-server.herokuapp.com:443/socket.io [socket.io connected]
2016-12-12 11:36:00,256 wordhop-socket-server.herokuapp.com:443/socket.io [socket.io packet received] 2["message","jy-DASRbMLukX5NvAAAN"]
2016-12-12 11:36:00,256 wordhop-socket-server.herokuapp.com:443/socket.io [socket.io packet received] 2["socket_id_set","jy-DASRbMLukX5NvAAAN"]
2016-12-12 11:36:00,259 Starting new HTTPS connection (1): wordhopapi.herokuapp.com
2016-12-12 11:36:00,544 https://wordhopapi.herokuapp.com:443 "POST /api/v1/update_bot_socket_id HTTP/1.1" 200 279
2016-12-12 11:36:00,592 https://wordhopapi.herokuapp.com:443 "POST /api/v1/update_bot_socket_id HTTP/1.1" 200 279
2016-12-12 11:36:03,146 got process_pong
2016-12-12 11:36:07,279 got process_pong
2016-12-12 11:36:11,103 got process_pong
2016-12-12 11:36:15,128 got process_pong
2016-12-12 11:36:19,135 got process_pong
2016-12-12 11:36:19,341 got process_user_typing
2016-12-12 11:36:19,550 got process_message
2016-12-12 11:36:19,554 Starting new HTTPS connection (1): wordhopapi.herokuapp.com
2016-12-12 11:36:20,043 https://wordhopapi.herokuapp.com:443 "POST /api/v1/in HTTP/1.1" 200 33
2016-12-12 11:36:20,048 Starting new HTTPS connection (1): wordhopapi.herokuapp.com
2016-12-12 11:36:20,426 https://wordhopapi.herokuapp.com:443 "POST /api/v1/out HTTP/1.1" 200 33
2016-12-12 11:36:20,431 output from WordhopPlugin
2016-12-12 11:36:23,114 got process_pong
2016-12-12 11:36:27,239 got process_pong
2016-12-12 11:36:31,150 got process_pong
2016-12-12 11:36:35,147 got process_pong
2016-12-12 11:36:39,173 got process_pong
2016-12-12 11:36:43,178 got process_pong
2016-12-12 11:36:47,297 got process_pong
2016-12-12 11:36:51,208 got process_pong
2016-12-12 11:36:55,133 got process_pong
2016-12-12 11:36:59,139 got process_pong
2016-12-12 11:37:03,144 got process_pong
2016-12-12 11:37:07,253 got process_pong
2016-12-12 11:37:11,247 got process_pong
2016-12-12 11:37:15,142 got process_pong
2016-12-12 11:37:19,155 got process_pong
2016-12-12 11:37:23,153 got process_pong
2016-12-12 11:37:27,257 got process_pong
2016-12-12 11:37:31,142 got process_pong
2016-12-12 11:37:35,153 got process_pong
2016-12-12 11:37:39,255 got process_pong
2016-12-12 11:37:43,155 got process_pong
2016-12-12 11:37:47,254 got process_pong
2016-12-12 11:37:51,158 got process_pong
2016-12-12 11:37:55,183 got process_pong
2016-12-12 11:37:59,189 got process_pong
2016-12-12 11:38:03,192 got process_pong
2016-12-12 11:38:07,397 got process_pong
2016-12-12 11:38:09,550 got process_reconnect_url
2016-12-12 11:38:11,187 got process_pong
2016-12-12 11:38:15,198 got process_pong
2016-12-12 11:38:19,221 got process_pong
2016-12-12 11:38:23,122 got process_pong
2016-12-12 11:38:27,328 got process_pong
2016-12-12 11:38:31,109 got process_pong
2016-12-12 11:38:35,112 got process_pong
2016-12-12 11:38:39,117 got process_pong
2016-12-12 11:38:43,102 got process_pong
2016-12-12 11:38:47,397 got process_pong
2016-12-12 11:38:51,193 got process_pong
2016-12-12 11:38:55,118 got process_pong
2016-12-12 11:38:59,204 got process_pong
2016-12-12 11:39:03,192 got process_pong
2016-12-12 11:39:07,396 got process_pong
2016-12-12 11:39:11,108 got process_pong
2016-12-12 11:39:15,121 got process_pong
2016-12-12 11:39:19,132 got process_pong
2016-12-12 11:39:23,127 got process_pong
2016-12-12 11:39:27,235 got process_pong
2016-12-12 11:39:31,136 got process_pong
2016-12-12 11:39:35,147 got process_pong
2016-12-12 11:39:39,155 got process_pong
2016-12-12 11:39:43,146 got process_pong
2016-12-12 11:39:47,342 got process_pong
2016-12-12 11:39:51,157 got process_pong
2016-12-12 11:39:55,152 got process_pong
2016-12-12 11:39:59,388 got process_pong
2016-12-12 11:40:03,167 got process_pong
2016-12-12 11:40:07,255 got process_pong
2016-12-12 11:40:11,133 got process_pong
2016-12-12 11:40:15,124 got process_pong
2016-12-12 11:40:19,339 got process_pong
2016-12-12 11:40:23,148 got process_pong
2016-12-12 11:40:27,349 got process_pong
2016-12-12 11:40:31,128 got process_pong
2016-12-12 11:40:35,128 got process_pong
2016-12-12 11:40:39,104 got process_pong
2016-12-12 11:40:43,109 got process_pong
2016-12-12 11:40:47,113 got process_pong
2016-12-12 11:40:51,125 got process_pong
2016-12-12 11:40:55,106 got process_pong
2016-12-12 11:40:59,124 got process_pong
2016-12-12 11:41:03,122 got process_pong
2016-12-12 11:41:07,112 got process_pong
2016-12-12 11:41:09,451 got process_reconnect_url
2016-12-12 11:41:11,106 got process_pong
2016-12-12 11:41:15,104 got process_pong
2016-12-12 11:41:19,128 got process_pong
2016-12-12 11:41:23,120 got process_pong
2016-12-12 11:41:27,231 got process_pong
2016-12-12 11:41:31,135 got process_pong
2016-12-12 11:41:35,160 got process_pong
2016-12-12 11:41:39,184 got process_pong
2016-12-12 11:41:43,194 got process_pong
2016-12-12 11:41:47,205 got process_pong
2016-12-12 11:41:51,112 got process_pong
2016-12-12 11:41:55,111 got process_pong
